# JRE version: OpenJDK Runtime Environment Temurin-22.0.1+8 (22.0.1+8) (build 22.0.1+8)
# Java VM: OpenJDK 64-Bit Server VM Temurin-22.0.1+8 (22.0.1+8, mixed mode, emulated-client, tiered, compressed oops, compressed class ptrs, g1 gc, windows-amd64)
GC Precious Log:
 CardTable entry size: 512
 Card Set container configuration: InlinePtr #cards 4 size 8 Array Of Cards #cards 16 size 48 Howl #buckets 8 coarsen threshold 3686 Howl Bitmap #cards 512 size 80 coarsen threshold 460 Card regions per heap region 1 cards per card region 4096
 CPUs: 12 total, 12 available
 Memory: 16052M
 Large Page Support: Disabled
 NUMA Support: Disabled
 Compressed Oops: Enabled (Zero based)
 Heap Region Size: 2M
 Heap Min Capacity: 8M
 Heap Initial Capacity: 252M
 Heap Max Capacity: 4014M
 Pre-touch: Disabled
 Parallel Workers: 10
 Concurrent Workers: 3
 Concurrent Refinement Workers: 10
 Periodic GC: Disabled
Heap:
 garbage-first heap   total reserved 4110336K, committed 110592K, used 86355K [0x0000000705200000, 0x0000000800000000)
  region size 2048K, 30 young (61440K), 0 survivors (0K)
 Metaspace       used 89363K, committed 90112K, reserved 1179648K
  class space    used 11840K, committed 12224K, reserved 1048576K
GC Heap History (20 events):
Event: 3.759 GC heap before
{Heap before GC invocations=14 (full 0):
 garbage-first heap   total reserved 4110336K, committed 159744K, used 48795K [0x0000000705200000, 0x0000000800000000)
  region size 2048K, 18 young (36864K), 5 survivors (10240K)
 Metaspace       used 59488K, committed 60096K, reserved 1114112K
  class space    used 7639K, committed 7936K, reserved 1048576K
}
Event: 3.766 GC heap after
{Heap after GC invocations=15 (full 0):
 garbage-first heap   total reserved 4110336K, committed 159744K, used 24715K [0x0000000705200000, 0x0000000800000000)
  region size 2048K, 3 young (6144K), 3 survivors (6144K)
 Metaspace       used 59488K, committed 60096K, reserved 1114112K
  class space    used 7639K, committed 7936K, reserved 1048576K
}
Event: 4.014 GC heap before
{Heap before GC invocations=16 (full 0):
 garbage-first heap   total reserved 4110336K, committed 90112K, used 69771K [0x0000000705200000, 0x0000000800000000)
  region size 2048K, 26 young (53248K), 3 survivors (6144K)
 Metaspace       used 64360K, committed 64960K, reserved 1114112K
  class space    used 8353K, committed 8640K, reserved 1048576K
}
Event: 4.020 GC heap after
{Heap after GC invocations=17 (full 0):
 garbage-first heap   total reserved 4110336K, committed 108544K, used 25665K [0x0000000705200000, 0x0000000800000000)
  region size 2048K, 3 young (6144K), 3 survivors (6144K)
 Metaspace       used 64360K, committed 64960K, reserved 1114112K
  class space    used 8353K, committed 8640K, reserved 1048576K
}
Event: 4.309 GC heap before
{Heap before GC invocations=17 (full 0):
 garbage-first heap   total reserved 4110336K, committed 108544K, used 83009K [0x0000000705200000, 0x0000000800000000)
  region size 2048K, 31 young (63488K), 3 survivors (6144K)
 Metaspace       used 69237K, committed 69824K, reserved 1114112K
  class space    used 9202K, committed 9472K, reserved 1048576K
}
Event: 4.320 GC heap after
{Heap after GC invocations=18 (full 0):
 garbage-first heap   total reserved 4110336K, committed 108544K, used 26253K [0x0000000705200000, 0x0000000800000000)
  region size 2048K, 3 young (6144K), 3 survivors (6144K)
 Metaspace       used 69237K, committed 69824K, reserved 1114112K
  class space    used 9202K, committed 9472K, reserved 1048576K
}
Event: 4.640 GC heap before
{Heap before GC invocations=18 (full 0):
 garbage-first heap   total reserved 4110336K, committed 108544K, used 83597K [0x0000000705200000, 0x0000000800000000)
  region size 2048K, 31 young (63488K), 3 survivors (6144K)
 Metaspace       used 73983K, committed 74624K, reserved 1114112K
  class space    used 9915K, committed 10176K, reserved 1048576K
}
Event: 4.648 GC heap after
{Heap after GC invocations=19 (full 0):
 garbage-first heap   total reserved 4110336K, committed 108544K, used 29029K [0x0000000705200000, 0x0000000800000000)
  region size 2048K, 3 young (6144K), 3 survivors (6144K)
 Metaspace       used 73983K, committed 74624K, reserved 1114112K
  class space    used 9915K, committed 10176K, reserved 1048576K
}
Event: 4.945 GC heap before
{Heap before GC invocations=19 (full 0):
 garbage-first heap   total reserved 4110336K, committed 108544K, used 84325K [0x0000000705200000, 0x0000000800000000)
  region size 2048K, 31 young (63488K), 3 survivors (6144K)
 Metaspace       used 77896K, committed 78528K, reserved 1179648K
  class space    used 10594K, committed 10880K, reserved 1048576K
}
Event: 4.956 GC heap after
{Heap after GC invocations=20 (full 0):
 garbage-first heap   total reserved 4110336K, committed 108544K, used 31255K [0x0000000705200000, 0x0000000800000000)
  region size 2048K, 3 young (6144K), 3 survivors (6144K)
 Metaspace       used 77896K, committed 78528K, reserved 1179648K
  class space    used 10594K, committed 10880K, reserved 1048576K
}
Event: 232.274 GC heap before
{Heap before GC invocations=20 (full 0):
 garbage-first heap   total reserved 4110336K, committed 108544K, used 88599K [0x0000000705200000, 0x0000000800000000)
  region size 2048K, 31 young (63488K), 3 survivors (6144K)
 Metaspace       used 81281K, committed 82048K, reserved 1179648K
  class space    used 11083K, committed 11392K, reserved 1048576K
}
Event: 232.285 GC heap after
{Heap after GC invocations=21 (full 0):
 garbage-first heap   total reserved 4110336K, committed 137216K, used 34750K [0x0000000705200000, 0x0000000800000000)
  region size 2048K, 3 young (6144K), 3 survivors (6144K)
 Metaspace       used 81281K, committed 82048K, reserved 1179648K
  class space    used 11083K, committed 11392K, reserved 1048576K
}
Event: 232.786 GC heap before
{Heap before GC invocations=21 (full 0):
 garbage-first heap   total reserved 4110336K, committed 137216K, used 108478K [0x0000000705200000, 0x0000000800000000)
  region size 2048K, 40 young (81920K), 3 survivors (6144K)
 Metaspace       used 88059K, committed 88832K, reserved 1179648K
  class space    used 11717K, committed 12096K, reserved 1048576K
}
Event: 232.789 GC heap after
{Heap after GC invocations=22 (full 0):
 garbage-first heap   total reserved 4110336K, committed 137216K, used 35790K [0x0000000705200000, 0x0000000800000000)
  region size 2048K, 4 young (8192K), 4 survivors (8192K)
 Metaspace       used 88059K, committed 88832K, reserved 1179648K
  class space    used 11717K, committed 12096K, reserved 1048576K
}
Event: 356.441 GC heap before
{Heap before GC invocations=22 (full 0):
 garbage-first heap   total reserved 4110336K, committed 137216K, used 56270K [0x0000000705200000, 0x0000000800000000)
  region size 2048K, 15 young (30720K), 4 survivors (8192K)
 Metaspace       used 89248K, committed 90048K, reserved 1179648K
  class space    used 11862K, committed 12224K, reserved 1048576K
}
Event: 356.470 GC heap after
{Heap after GC invocations=23 (full 1):
 garbage-first heap   total reserved 4110336K, committed 110592K, used 26736K [0x0000000705200000, 0x0000000800000000)
  region size 2048K, 0 young (0K), 0 survivors (0K)
 Metaspace       used 88957K, committed 90048K, reserved 1179648K
  class space    used 11783K, committed 12224K, reserved 1048576K
}
Event: 357.778 GC heap before
{Heap before GC invocations=23 (full 1):
 garbage-first heap   total reserved 4110336K, committed 110592K, used 90224K [0x0000000705200000, 0x0000000800000000)
  region size 2048K, 32 young (65536K), 0 survivors (0K)
 Metaspace       used 89284K, committed 90048K, reserved 1179648K
  class space    used 11842K, committed 12224K, reserved 1048576K
}
Event: 357.781 GC heap after
{Heap after GC invocations=24 (full 1):
 garbage-first heap   total reserved 4110336K, committed 110592K, used 32686K [0x0000000705200000, 0x0000000800000000)
  region size 2048K, 3 young (6144K), 3 survivors (6144K)
 Metaspace       used 89284K, committed 90048K, reserved 1179648K
  class space    used 11842K, committed 12224K, reserved 1048576K
}
Event: 378.710 GC heap before
{Heap before GC invocations=25 (full 1):
 garbage-first heap   total reserved 4110336K, committed 110592K, used 65454K [0x0000000705200000, 0x0000000800000000)
  region size 2048K, 20 young (40960K), 3 survivors (6144K)
 Metaspace       used 89328K, committed 90112K, reserved 1179648K
  class space    used 11839K, committed 12224K, reserved 1048576K
}
Event: 378.746 GC heap after
{Heap after GC invocations=26 (full 2):
 garbage-first heap   total reserved 4110336K, committed 110592K, used 29011K [0x0000000705200000, 0x0000000800000000)
  region size 2048K, 0 young (0K), 0 survivors (0K)
 Metaspace       used 89276K, committed 90112K, reserved 1179648K
  class space    used 11827K, committed 12224K, reserved 1048576K
}

